Using pre-set license
Built from '2020.3/release' branch; Version is '2020.3.1f1 (77a89f25062f) revision 7841951'; Using compiler version '192528614'; Build Type 'Release'
OS: 'Windows 10 Home; OS build 19042.928; Version 2009; 64bit' Language: 'en' Physical Memory: 32686 MB
BatchMode: 1, IsHumanControllingUs: 0, StartBugReporterOnCrash: 0, Is64bit: 1, IsPro: 0

 COMMAND LINE ARGUMENTS:
C:\Program Files\Unity\Hub\Editor\2020.3.1f1\Editor\Unity.exe
-adb2
-batchMode
-noUpm
-name
AssetImportWorker0
-projectPath
C:/Users/jakep/Documents/unityproj/Assignment 2
-logFile
Logs/AssetImportWorker0.log
-srvPort
52216
Successfully changed project path to: C:/Users/jakep/Documents/unityproj/Assignment 2
C:/Users/jakep/Documents/unityproj/Assignment 2
Using Asset Import Pipeline V2.
Refreshing native plugins compatible for Editor in 52.33 ms, found 0 plugins.
Preloading 0 native plugins for Editor in 0.00 ms.
Initialize engine version: 2020.3.1f1 (77a89f25062f)
[Subsystems] Discovering subsystems at path C:/Program Files/Unity/Hub/Editor/2020.3.1f1/Editor/Data/Resources/UnitySubsystems
[Subsystems] Discovering subsystems at path C:/Users/jakep/Documents/unityproj/Assignment 2/Assets
GfxDevice: creating device client; threaded=0
Direct3D:
    Version:  Direct3D 11.0 [level 11.1]
    Renderer: NVIDIA GeForce RTX 3060 (ID=0x2503)
    Vendor:   
    VRAM:     12143 MB
    Driver:   27.21.14.7005
Initialize mono
Mono path[0] = 'C:/Program Files/Unity/Hub/Editor/2020.3.1f1/Editor/Data/Managed'
Mono path[1] = 'C:/Program Files/Unity/Hub/Editor/2020.3.1f1/Editor/Data/MonoBleedingEdge/lib/mono/unityjit'
Mono config path = 'C:/Program Files/Unity/Hub/Editor/2020.3.1f1/Editor/Data/MonoBleedingEdge/etc'
Using monoOptions --debugger-agent=transport=dt_socket,embedding=1,server=y,suspend=n,address=127.0.0.1:56140
Begin MonoManager ReloadAssembly
Registering precompiled unity dll's ...
Register platform support module: C:/Program Files/Unity/Hub/Editor/2020.3.1f1/Editor/Data/PlaybackEngines/WebGLSupport/UnityEditor.WebGL.Extensions.dll
Register platform support module: C:/Program Files/Unity/Hub/Editor/2020.3.1f1/Editor/Data/PlaybackEngines/WindowsStandaloneSupport/UnityEditor.WindowsStandalone.Extensions.dll
Registered in 0.005225 seconds.
Native extension for WindowsStandalone target not found
Native extension for WebGL target not found
Refreshing native plugins compatible for Editor in 44.65 ms, found 0 plugins.
Preloading 0 native plugins for Editor in 0.00 ms.
Invoked RoslynAnalysisRunner static constructor.
RoslynAnalysisRunner will not be running.
RoslynAnalysisRunner has terminated.
Mono: successfully reloaded assembly
- Completed reload, in  1.301 seconds
Platform modules already initialized, skipping
Registering precompiled user dll's ...
Registered in 0.005043 seconds.
Begin MonoManager ReloadAssembly
Native extension for WindowsStandalone target not found
Native extension for WebGL target not found
Refreshing native plugins compatible for Editor in 0.45 ms, found 0 plugins.
Preloading 0 native plugins for Editor in 0.00 ms.
Invoked RoslynAnalysisRunner static constructor.
RoslynAnalysisRunner will not be running.
RoslynAnalysisRunner has terminated.
Mono: successfully reloaded assembly
- Completed reload, in  0.787 seconds
Platform modules already initialized, skipping
========================================================================
Worker process is ready to serve import requests
Launched and connected shader compiler UnityShaderCompiler.exe after 0.03 seconds
Refreshing native plugins compatible for Editor in 0.45 ms, found 0 plugins.
Preloading 0 native plugins for Editor in 0.00 ms.
Unloading 1625 Unused Serialized files (Serialized files now loaded: 0)
System memory in use before: 149.4 MB.
System memory in use after: 149.5 MB.

Unloading 36 unused Assets to reduce memory usage. Loaded Objects now: 2059.
Total: 1.577500 ms (FindLiveObjects: 0.176100 ms CreateObjectMapping: 0.035500 ms MarkObjects: 1.290200 ms  DeleteObjects: 0.075000 ms)

========================================================================
Received Import Request.
  path: Assets/Models/Diningroom
  artifactKey: Guid(b5bf3dfa11addd74ab564a42fe14ec92) Importer(815301076,1909f56bfc062723c751e8b465ee728b)
Start importing Assets/Models/Diningroom using Guid(b5bf3dfa11addd74ab564a42fe14ec92) Importer(815301076,1909f56bfc062723c751e8b465ee728b)  -> (artifact id: '5154558e76019d69995f2b2296c4a529') in 0.008197 seconds
  Import took 0.010641 seconds .

========================================================================
Received Import Request.
  Time since last request: 0.000173 seconds.
  path: Assets/Models
  artifactKey: Guid(5c22133398df5aa4eba6d956857390aa) Importer(815301076,1909f56bfc062723c751e8b465ee728b)
Start importing Assets/Models using Guid(5c22133398df5aa4eba6d956857390aa) Importer(815301076,1909f56bfc062723c751e8b465ee728b)  -> (artifact id: 'e2c3bf7f5af978876959c190bd57459f') in 0.005751 seconds
  Import took 0.007805 seconds .

========================================================================
Received Import Request.
  Time since last request: 3.289521 seconds.
  path: Assets/Models/Bedroom/Bed.FBX
  artifactKey: Guid(eede23dbd9838a3408d728dbd8496a8c) Importer(815301076,1909f56bfc062723c751e8b465ee728b)
Start importing Assets/Models/Bedroom/Bed.FBX using Guid(eede23dbd9838a3408d728dbd8496a8c) Importer(815301076,1909f56bfc062723c751e8b465ee728b)  -> (artifact id: '98317e7493f97f95e4014c78a4ca5134') in 0.129064 seconds
  Import took 0.131512 seconds .

========================================================================
Received Import Request.
  Time since last request: 0.000172 seconds.
  path: Assets/Models/Bedroom/Wardrobe.fbx
  artifactKey: Guid(0d1a084dedf18a344a48599b075521ec) Importer(815301076,1909f56bfc062723c751e8b465ee728b)
Start importing Assets/Models/Bedroom/Wardrobe.fbx using Guid(0d1a084dedf18a344a48599b075521ec) Importer(815301076,1909f56bfc062723c751e8b465ee728b)  -> (artifact id: 'caaf834eab284592e39df3e84deffb0e') in 0.083379 seconds
  Import took 0.086004 seconds .

========================================================================
Received Import Request.
  Time since last request: 0.000167 seconds.
  path: Assets/Models/Bedroom/Bedside_Table.fbx
  artifactKey: Guid(03826036ee9ac8e4d8ca68be8431cab3) Importer(815301076,1909f56bfc062723c751e8b465ee728b)
Start importing Assets/Models/Bedroom/Bedside_Table.fbx using Guid(03826036ee9ac8e4d8ca68be8431cab3) Importer(815301076,1909f56bfc062723c751e8b465ee728b)  -> (artifact id: '73d35dc76909b76d79c6b90d6f963472') in 0.103252 seconds
  Import took 0.105477 seconds .

========================================================================
Received Import Request.
  Time since last request: 18.349506 seconds.
  path: Assets/Prefabs/Gargoyle.prefab
  artifactKey: Guid(fdcab5beffdbf04409b7830fbdd08d5b) Importer(815301076,1909f56bfc062723c751e8b465ee728b)
Start importing Assets/Prefabs/Gargoyle.prefab using Guid(fdcab5beffdbf04409b7830fbdd08d5b) Importer(815301076,1909f56bfc062723c751e8b465ee728b)  -> (artifact id: 'dbdcadd22b7ee4d5c5480453cee60ced') in 0.031122 seconds
  Import took 0.033727 seconds .

========================================================================
Received Import Request.
  Time since last request: 21.175687 seconds.
  path: Assets/Animation/Animators
  artifactKey: Guid(3e1ff1aa196645e4a912d1c3bb76a860) Importer(815301076,1909f56bfc062723c751e8b465ee728b)
Start importing Assets/Animation/Animators using Guid(3e1ff1aa196645e4a912d1c3bb76a860) Importer(815301076,1909f56bfc062723c751e8b465ee728b)  -> (artifact id: '58c55672495c470127674428bb0af941') in 0.010955 seconds
  Import took 0.013377 seconds .

========================================================================
Received Import Request.
  Time since last request: 21.611940 seconds.
  path: Assets/Animation/Animators/Gargoyle.controller
  artifactKey: Guid(6c1897eb289b7aa42876ddf23516db32) Importer(815301076,1909f56bfc062723c751e8b465ee728b)
Start importing Assets/Animation/Animators/Gargoyle.controller using Guid(6c1897eb289b7aa42876ddf23516db32) Importer(815301076,1909f56bfc062723c751e8b465ee728b)  -> (artifact id: '24c75a78a94efac17cdb95d8e24f00eb') in 0.005286 seconds
  Import took 0.007856 seconds .

========================================================================
Received Prepare
Registering precompiled user dll's ...
Registered in 0.004655 seconds.
Begin MonoManager ReloadAssembly
Native extension for WindowsStandalone target not found
Native extension for WebGL target not found
Refreshing native plugins compatible for Editor in 0.48 ms, found 0 plugins.
Preloading 0 native plugins for Editor in 0.00 ms.
Invoked RoslynAnalysisRunner static constructor.
RoslynAnalysisRunner will not be running.
RoslynAnalysisRunner has terminated.
Mono: successfully reloaded assembly
- Completed reload, in  0.766 seconds
Platform modules already initialized, skipping
Refreshing native plugins compatible for Editor in 0.47 ms, found 0 plugins.
Preloading 0 native plugins for Editor in 0.00 ms.
Unloading 1588 Unused Serialized files (Serialized files now loaded: 0)
System memory in use before: 150.4 MB.
System memory in use after: 150.5 MB.

Unloading 27 unused Assets to reduce memory usage. Loaded Objects now: 2073.
Total: 1.710100 ms (FindLiveObjects: 0.168900 ms CreateObjectMapping: 0.034900 ms MarkObjects: 1.447800 ms  DeleteObjects: 0.057100 ms)

========================================================================
Received Import Request.
  Time since last request: 255.947222 seconds.
  path: Assets/Scripts/Observer.cs
  artifactKey: Guid(1e4401abf1bb12a4eabf0c0ecbc09ac7) Importer(815301076,1909f56bfc062723c751e8b465ee728b)
Start importing Assets/Scripts/Observer.cs using Guid(1e4401abf1bb12a4eabf0c0ecbc09ac7) Importer(815301076,1909f56bfc062723c751e8b465ee728b)  -> (artifact id: '133943d85dc56907c96e86719f38a82b') in 0.014172 seconds
  Import took 0.016739 seconds .

========================================================================
Received Prepare
Registering precompiled user dll's ...
Registered in 0.008208 seconds.
Begin MonoManager ReloadAssembly
Native extension for WindowsStandalone target not found
Native extension for WebGL target not found
Refreshing native plugins compatible for Editor in 0.49 ms, found 0 plugins.
Preloading 0 native plugins for Editor in 0.00 ms.
Invoked RoslynAnalysisRunner static constructor.
RoslynAnalysisRunner will not be running.
RoslynAnalysisRunner has terminated.
Mono: successfully reloaded assembly
- Completed reload, in  0.908 seconds
Platform modules already initialized, skipping
Refreshing native plugins compatible for Editor in 0.53 ms, found 0 plugins.
Preloading 0 native plugins for Editor in 0.00 ms.
Unloading 1588 Unused Serialized files (Serialized files now loaded: 0)
System memory in use before: 150.5 MB.
System memory in use after: 150.5 MB.

Unloading 27 unused Assets to reduce memory usage. Loaded Objects now: 2076.
Total: 1.607600 ms (FindLiveObjects: 0.214100 ms CreateObjectMapping: 0.035000 ms MarkObjects: 1.290100 ms  DeleteObjects: 0.066800 ms)

========================================================================
Received Prepare
Registering precompiled user dll's ...
Registered in 0.004719 seconds.
Begin MonoManager ReloadAssembly
Native extension for WindowsStandalone target not found
Native extension for WebGL target not found
Refreshing native plugins compatible for Editor in 0.47 ms, found 0 plugins.
Preloading 0 native plugins for Editor in 0.00 ms.
Invoked RoslynAnalysisRunner static constructor.
RoslynAnalysisRunner will not be running.
RoslynAnalysisRunner has terminated.
Mono: successfully reloaded assembly
- Completed reload, in  0.721 seconds
Platform modules already initialized, skipping
Refreshing native plugins compatible for Editor in 0.46 ms, found 0 plugins.
Preloading 0 native plugins for Editor in 0.00 ms.
Unloading 1588 Unused Serialized files (Serialized files now loaded: 0)
System memory in use before: 150.4 MB.
System memory in use after: 150.5 MB.

Unloading 27 unused Assets to reduce memory usage. Loaded Objects now: 2079.
Total: 1.641800 ms (FindLiveObjects: 0.165700 ms CreateObjectMapping: 0.038700 ms MarkObjects: 1.374400 ms  DeleteObjects: 0.062100 ms)

========================================================================
Received Prepare
Registering precompiled user dll's ...
Registered in 0.004811 seconds.
Begin MonoManager ReloadAssembly
Native extension for WindowsStandalone target not found
Native extension for WebGL target not found
Refreshing native plugins compatible for Editor in 0.47 ms, found 0 plugins.
Preloading 0 native plugins for Editor in 0.00 ms.
Invoked RoslynAnalysisRunner static constructor.
RoslynAnalysisRunner will not be running.
RoslynAnalysisRunner has terminated.
Mono: successfully reloaded assembly
- Completed reload, in  0.726 seconds
Platform modules already initialized, skipping
Refreshing native plugins compatible for Editor in 0.46 ms, found 0 plugins.
Preloading 0 native plugins for Editor in 0.00 ms.
Unloading 1588 Unused Serialized files (Serialized files now loaded: 0)
System memory in use before: 150.5 MB.
System memory in use after: 150.6 MB.

Unloading 27 unused Assets to reduce memory usage. Loaded Objects now: 2082.
Total: 1.506900 ms (FindLiveObjects: 0.164300 ms CreateObjectMapping: 0.034900 ms MarkObjects: 1.252500 ms  DeleteObjects: 0.054400 ms)

========================================================================
Received Prepare
Registering precompiled user dll's ...
Registered in 0.005156 seconds.
Begin MonoManager ReloadAssembly
Native extension for WindowsStandalone target not found
Native extension for WebGL target not found
Refreshing native plugins compatible for Editor in 0.52 ms, found 0 plugins.
Preloading 0 native plugins for Editor in 0.00 ms.
Invoked RoslynAnalysisRunner static constructor.
RoslynAnalysisRunner will not be running.
RoslynAnalysisRunner has terminated.
Mono: successfully reloaded assembly
- Completed reload, in  0.738 seconds
Platform modules already initialized, skipping
Refreshing native plugins compatible for Editor in 0.49 ms, found 0 plugins.
Preloading 0 native plugins for Editor in 0.00 ms.
Unloading 1588 Unused Serialized files (Serialized files now loaded: 0)
System memory in use before: 150.5 MB.
System memory in use after: 150.6 MB.

Unloading 27 unused Assets to reduce memory usage. Loaded Objects now: 2085.
Total: 1.710800 ms (FindLiveObjects: 0.172500 ms CreateObjectMapping: 0.034600 ms MarkObjects: 1.434300 ms  DeleteObjects: 0.068600 ms)

========================================================================
Received Import Request.
  Time since last request: 609.086034 seconds.
  path: Assets/Prefabs/Gargoyle.prefab
  artifactKey: Guid(fdcab5beffdbf04409b7830fbdd08d5b) Importer(815301076,1909f56bfc062723c751e8b465ee728b)
Start importing Assets/Prefabs/Gargoyle.prefab using Guid(fdcab5beffdbf04409b7830fbdd08d5b) Importer(815301076,1909f56bfc062723c751e8b465ee728b)  -> (artifact id: '69cee35f4397a9d5b9eb35c5a37e6522') in 0.061749 seconds
  Import took 0.064588 seconds .

========================================================================
Received Import Request.
  Time since last request: 11.606901 seconds.
  path: Assets/Prefabs/Ghost.prefab
  artifactKey: Guid(95515daa5f9b35d4190045f2f7a47bf8) Importer(815301076,1909f56bfc062723c751e8b465ee728b)
Start importing Assets/Prefabs/Ghost.prefab using Guid(95515daa5f9b35d4190045f2f7a47bf8) Importer(815301076,1909f56bfc062723c751e8b465ee728b)  -> (artifact id: '575b4588e39234c45153818e07d58237') in 0.023064 seconds
  Import took 0.025708 seconds .

========================================================================
Received Import Request.
  Time since last request: 0.006933 seconds.
  path: Assets/Prefabs/Ghost.prefab
  artifactKey: Guid(95515daa5f9b35d4190045f2f7a47bf8) Importer(815301076,1909f56bfc062723c751e8b465ee728b)
Start importing Assets/Prefabs/Ghost.prefab using Guid(95515daa5f9b35d4190045f2f7a47bf8) Importer(815301076,1909f56bfc062723c751e8b465ee728b)  -> (artifact id: '575b4588e39234c45153818e07d58237') in 0.015614 seconds
  Import took 0.018187 seconds .

========================================================================
Received Import Request.
  Time since last request: 28.738285 seconds.
  path: Assets/Animation/Animators/Ghost.controller
  artifactKey: Guid(f3862fcfb9f6a9a4599469a22b824a8d) Importer(815301076,1909f56bfc062723c751e8b465ee728b)
Start importing Assets/Animation/Animators/Ghost.controller using Guid(f3862fcfb9f6a9a4599469a22b824a8d) Importer(815301076,1909f56bfc062723c751e8b465ee728b)  -> (artifact id: 'db7fb740670d404eb656d50437964827') in 0.003753 seconds
  Import took 0.006184 seconds .

========================================================================
Received Import Request.
  Time since last request: 120.596885 seconds.
  path: Assets/Prefabs/Ghost.prefab
  artifactKey: Guid(95515daa5f9b35d4190045f2f7a47bf8) Importer(815301076,1909f56bfc062723c751e8b465ee728b)
Start importing Assets/Prefabs/Ghost.prefab using Guid(95515daa5f9b35d4190045f2f7a47bf8) Importer(815301076,1909f56bfc062723c751e8b465ee728b)  -> (artifact id: 'b6601ea1a1601f25635c678cfec75154') in 0.017748 seconds
  Import took 0.020356 seconds .

========================================================================
Received Import Request.
  Time since last request: 50.467827 seconds.
  path: Assets/Prefabs/PointOfView.prefab
  artifactKey: Guid(0b7255ab191e6984293843cb28cb5580) Importer(815301076,1909f56bfc062723c751e8b465ee728b)
Start importing Assets/Prefabs/PointOfView.prefab using Guid(0b7255ab191e6984293843cb28cb5580) Importer(815301076,1909f56bfc062723c751e8b465ee728b)  -> (artifact id: '00a45523d3e1e9ad76e3019ce4e1bef5') in 0.007522 seconds
  Import took 0.009959 seconds .

========================================================================
Received Import Request.
  Time since last request: 0.010826 seconds.
  path: Assets/Prefabs/PointOfView.prefab
  artifactKey: Guid(0b7255ab191e6984293843cb28cb5580) Importer(815301076,1909f56bfc062723c751e8b465ee728b)
Start importing Assets/Prefabs/PointOfView.prefab using Guid(0b7255ab191e6984293843cb28cb5580) Importer(815301076,1909f56bfc062723c751e8b465ee728b)  -> (artifact id: '00a45523d3e1e9ad76e3019ce4e1bef5') in 0.004257 seconds
  Import took 0.006733 seconds .

========================================================================
Received Import Request.
  Time since last request: 4.545744 seconds.
  path: Assets/Prefabs/Gargoyle.prefab
  artifactKey: Guid(fdcab5beffdbf04409b7830fbdd08d5b) Importer(815301076,1909f56bfc062723c751e8b465ee728b)
Start importing Assets/Prefabs/Gargoyle.prefab using Guid(fdcab5beffdbf04409b7830fbdd08d5b) Importer(815301076,1909f56bfc062723c751e8b465ee728b)  -> (artifact id: '91985c567123cecee7785c6868000d28') in 0.021330 seconds
  Import took 0.024073 seconds .

========================================================================
Received Import Request.
  Time since last request: 44.125532 seconds.
  path: Assets/Prefabs/Ghost.prefab
  artifactKey: Guid(95515daa5f9b35d4190045f2f7a47bf8) Importer(815301076,1909f56bfc062723c751e8b465ee728b)
Start importing Assets/Prefabs/Ghost.prefab using Guid(95515daa5f9b35d4190045f2f7a47bf8) Importer(815301076,1909f56bfc062723c751e8b465ee728b)  -> (artifact id: 'f9e101d62e7fdacaaf6e71c83caa0ab9') in 0.016677 seconds
  Import took 0.019541 seconds .

========================================================================
Received Import Request.
  Time since last request: 60.578401 seconds.
  path: Assets/Prefabs/Ghost.prefab
  artifactKey: Guid(95515daa5f9b35d4190045f2f7a47bf8) Importer(815301076,1909f56bfc062723c751e8b465ee728b)
Start importing Assets/Prefabs/Ghost.prefab using Guid(95515daa5f9b35d4190045f2f7a47bf8) Importer(815301076,1909f56bfc062723c751e8b465ee728b)  -> (artifact id: '22025c3e04f8fddfc4c716cb7336c918') in 0.018642 seconds
  Import took 0.021396 seconds .

========================================================================
Received Import Request.
  Time since last request: 10.218101 seconds.
  path: Assets/Scripts/WaypointPatrol.cs
  artifactKey: Guid(ef35bd58742fe434f842cca9a8523566) Importer(815301076,1909f56bfc062723c751e8b465ee728b)
Start importing Assets/Scripts/WaypointPatrol.cs using Guid(ef35bd58742fe434f842cca9a8523566) Importer(815301076,1909f56bfc062723c751e8b465ee728b)  -> (artifact id: '48e1fbda45aab818413bd7281a4fbce6') in 0.006652 seconds
  Import took 0.009301 seconds .

========================================================================
Received Prepare
Registering precompiled user dll's ...
Registered in 0.005055 seconds.
Begin MonoManager ReloadAssembly
Native extension for WindowsStandalone target not found
Native extension for WebGL target not found
Refreshing native plugins compatible for Editor in 0.48 ms, found 0 plugins.
Preloading 0 native plugins for Editor in 0.00 ms.
Invoked RoslynAnalysisRunner static constructor.
RoslynAnalysisRunner will not be running.
RoslynAnalysisRunner has terminated.
Mono: successfully reloaded assembly
- Completed reload, in  0.718 seconds
Platform modules already initialized, skipping
Refreshing native plugins compatible for Editor in 0.49 ms, found 0 plugins.
Preloading 0 native plugins for Editor in 0.00 ms.
Unloading 1589 Unused Serialized files (Serialized files now loaded: 0)
System memory in use before: 150.6 MB.
System memory in use after: 150.6 MB.

Unloading 27 unused Assets to reduce memory usage. Loaded Objects now: 2090.
Total: 1.598300 ms (FindLiveObjects: 0.176800 ms CreateObjectMapping: 0.038300 ms MarkObjects: 1.327600 ms  DeleteObjects: 0.054700 ms)

========================================================================
Received Prepare
Registering precompiled user dll's ...
Registered in 0.005020 seconds.
Begin MonoManager ReloadAssembly
Native extension for WindowsStandalone target not found
Native extension for WebGL target not found
Refreshing native plugins compatible for Editor in 0.46 ms, found 0 plugins.
Preloading 0 native plugins for Editor in 0.00 ms.
Invoked RoslynAnalysisRunner static constructor.
RoslynAnalysisRunner will not be running.
RoslynAnalysisRunner has terminated.
Mono: successfully reloaded assembly
- Completed reload, in  0.728 seconds
Platform modules already initialized, skipping
Refreshing native plugins compatible for Editor in 0.47 ms, found 0 plugins.
Preloading 0 native plugins for Editor in 0.00 ms.
Unloading 1589 Unused Serialized files (Serialized files now loaded: 0)
System memory in use before: 150.6 MB.
System memory in use after: 150.7 MB.

Unloading 27 unused Assets to reduce memory usage. Loaded Objects now: 2093.
Total: 1.614500 ms (FindLiveObjects: 0.202600 ms CreateObjectMapping: 0.035100 ms MarkObjects: 1.315200 ms  DeleteObjects: 0.060300 ms)

========================================================================
Received Import Request.
  Time since last request: 612.444954 seconds.
  path: Assets/Animation/Animation
  artifactKey: Guid(16c12986779f71343a6e6759d132b35e) Importer(815301076,1909f56bfc062723c751e8b465ee728b)
Start importing Assets/Animation/Animation using Guid(16c12986779f71343a6e6759d132b35e) Importer(815301076,1909f56bfc062723c751e8b465ee728b)  -> (artifact id: '1f8ccf3c97a427f66416920e60a93375') in 0.009220 seconds
  Import took 0.012134 seconds .

========================================================================
Received Import Request.
  Time since last request: 0.000735 seconds.
  path: Assets/Animation/Animation
  artifactKey: Guid(16c12986779f71343a6e6759d132b35e) Importer(815301076,1909f56bfc062723c751e8b465ee728b)
Start importing Assets/Animation/Animation using Guid(16c12986779f71343a6e6759d132b35e) Importer(815301076,1909f56bfc062723c751e8b465ee728b)  -> (artifact id: '1f8ccf3c97a427f66416920e60a93375') in 0.002757 seconds
  Import took 0.005149 seconds .

========================================================================
Received Prepare
Registering precompiled user dll's ...
Registered in 0.004620 seconds.
Begin MonoManager ReloadAssembly
Native extension for WindowsStandalone target not found
Native extension for WebGL target not found
Refreshing native plugins compatible for Editor in 0.48 ms, found 0 plugins.
Preloading 0 native plugins for Editor in 0.00 ms.
Invoked RoslynAnalysisRunner static constructor.
RoslynAnalysisRunner will not be running.
RoslynAnalysisRunner has terminated.
Mono: successfully reloaded assembly
- Completed reload, in  0.743 seconds
Platform modules already initialized, skipping
Refreshing native plugins compatible for Editor in 0.50 ms, found 0 plugins.
Preloading 0 native plugins for Editor in 0.00 ms.
Unloading 1589 Unused Serialized files (Serialized files now loaded: 0)
System memory in use before: 150.6 MB.
System memory in use after: 150.7 MB.

Unloading 27 unused Assets to reduce memory usage. Loaded Objects now: 2096.
Total: 4.308200 ms (FindLiveObjects: 0.636000 ms CreateObjectMapping: 0.160600 ms MarkObjects: 3.391000 ms  DeleteObjects: 0.118600 ms)

========================================================================
Received Import Request.
  Time since last request: 192.612873 seconds.
  path: Assets/Audio/SFXBuzzingLight.wav
  artifactKey: Guid(86e0f005f0b8e084698c2cf61bb6c2b6) Importer(815301076,1909f56bfc062723c751e8b465ee728b)
Start importing Assets/Audio/SFXBuzzingLight.wav using Guid(86e0f005f0b8e084698c2cf61bb6c2b6) Importer(815301076,1909f56bfc062723c751e8b465ee728b)  -> (artifact id: 'eb369468cd4a73dc1c641554fbf57eef') in 0.073647 seconds
  Import took 0.076370 seconds .

========================================================================
Received Import Request.
  Time since last request: 0.000159 seconds.
  path: Assets/Audio/SFXHouseAmbience.wav
  artifactKey: Guid(205287722f2b6b64583b86d65fdeeb11) Importer(815301076,1909f56bfc062723c751e8b465ee728b)
Start importing Assets/Audio/SFXHouseAmbience.wav using Guid(205287722f2b6b64583b86d65fdeeb11) Importer(815301076,1909f56bfc062723c751e8b465ee728b)  -> (artifact id: '4e3a8fde09d01c7804fe8c2dfaa653e2') in 0.018663 seconds
  Import took 0.021108 seconds .

========================================================================
Received Import Request.
  Time since last request: 0.000139 seconds.
  path: Assets/Audio/SFXWin.wav
  artifactKey: Guid(c0f716a9e9ac00c438b95158ba195a58) Importer(815301076,1909f56bfc062723c751e8b465ee728b)
Start importing Assets/Audio/SFXWin.wav using Guid(c0f716a9e9ac00c438b95158ba195a58) Importer(815301076,1909f56bfc062723c751e8b465ee728b)  -> (artifact id: '25016039b9d560c10a36fd439fa09070') in 0.031233 seconds
  Import took 0.033435 seconds .

========================================================================
Received Import Request.
  Time since last request: 0.000149 seconds.
  path: Assets/Audio/SFXFootstepsLooping.wav
  artifactKey: Guid(07e520bb410492d47bf739846d70f2a3) Importer(815301076,1909f56bfc062723c751e8b465ee728b)
Start importing Assets/Audio/SFXFootstepsLooping.wav using Guid(07e520bb410492d47bf739846d70f2a3) Importer(815301076,1909f56bfc062723c751e8b465ee728b)  -> (artifact id: '438ace0f91f4798ee5f6fae91f0a62de') in 0.021552 seconds
  Import took 0.023752 seconds .

========================================================================
Received Import Request.
  Time since last request: 0.000147 seconds.
  path: Assets/Audio/SFXGhostMove.wav
  artifactKey: Guid(98ea14dfdb9dce74a976520f134fd1a2) Importer(815301076,1909f56bfc062723c751e8b465ee728b)
Start importing Assets/Audio/SFXGhostMove.wav using Guid(98ea14dfdb9dce74a976520f134fd1a2) Importer(815301076,1909f56bfc062723c751e8b465ee728b)  -> (artifact id: 'b49cafa54d3d4d8fd089c6e3df583bd6') in 0.016317 seconds
  Import took 0.018575 seconds .

========================================================================
Received Import Request.
  Time since last request: 0.000133 seconds.
  path: Assets/Audio/SFXGameOver.wav
  artifactKey: Guid(2789d5ce62baaba4ab1ee8bb172304a6) Importer(815301076,1909f56bfc062723c751e8b465ee728b)
Start importing Assets/Audio/SFXGameOver.wav using Guid(2789d5ce62baaba4ab1ee8bb172304a6) Importer(815301076,1909f56bfc062723c751e8b465ee728b)  -> (artifact id: '3dcb8895496dc23e1ef6759d7b8e5ed5') in 0.020932 seconds
  Import took 0.023242 seconds .

========================================================================
Received Import Request.
  Time since last request: 0.000178 seconds.
  path: Assets/Audio/SFXCandle.wav
  artifactKey: Guid(dd7f55e125ee8f947b2f399e20aeec8c) Importer(815301076,1909f56bfc062723c751e8b465ee728b)
Start importing Assets/Audio/SFXCandle.wav using Guid(dd7f55e125ee8f947b2f399e20aeec8c) Importer(815301076,1909f56bfc062723c751e8b465ee728b)  -> (artifact id: '39a7db94be7ce9d265776e2e2f8c4bcb') in 0.012855 seconds
  Import took 0.015299 seconds .

========================================================================
Received Prepare
Registering precompiled user dll's ...
Registered in 0.005645 seconds.
Begin MonoManager ReloadAssembly
Native extension for WindowsStandalone target not found
Native extension for WebGL target not found
Refreshing native plugins compatible for Editor in 0.48 ms, found 0 plugins.
Preloading 0 native plugins for Editor in 0.00 ms.
Invoked RoslynAnalysisRunner static constructor.
RoslynAnalysisRunner will not be running.
RoslynAnalysisRunner has terminated.
Mono: successfully reloaded assembly
- Completed reload, in  0.737 seconds
Platform modules already initialized, skipping
Refreshing native plugins compatible for Editor in 0.47 ms, found 0 plugins.
Preloading 0 native plugins for Editor in 0.00 ms.
Unloading 1589 Unused Serialized files (Serialized files now loaded: 0)
System memory in use before: 150.7 MB.
System memory in use after: 150.8 MB.

Unloading 27 unused Assets to reduce memory usage. Loaded Objects now: 2102.
Total: 1.745600 ms (FindLiveObjects: 0.207000 ms CreateObjectMapping: 0.038100 ms MarkObjects: 1.426100 ms  DeleteObjects: 0.073300 ms)

========================================================================
Received Import Request.
  Time since last request: 248.544547 seconds.
  path: Assets/Scripts/GameEnding.cs
  artifactKey: Guid(20c462bf94400fc478825cc1028ccf96) Importer(815301076,1909f56bfc062723c751e8b465ee728b)
Start importing Assets/Scripts/GameEnding.cs using Guid(20c462bf94400fc478825cc1028ccf96) Importer(815301076,1909f56bfc062723c751e8b465ee728b)  -> (artifact id: '0b0ed9a7553109098ea7f1657b816da5') in 0.007444 seconds
  Import took 0.009944 seconds .

========================================================================
Received Import Request.
  Time since last request: 0.015221 seconds.
  path: Assets/Scripts/GameEnding.cs
  artifactKey: Guid(20c462bf94400fc478825cc1028ccf96) Importer(815301076,1909f56bfc062723c751e8b465ee728b)
Start importing Assets/Scripts/GameEnding.cs using Guid(20c462bf94400fc478825cc1028ccf96) Importer(815301076,1909f56bfc062723c751e8b465ee728b)  -> (artifact id: '0b0ed9a7553109098ea7f1657b816da5') in 0.002761 seconds
  Import took 0.005113 seconds .

========================================================================
Received Prepare
Registering precompiled user dll's ...
Registered in 0.004871 seconds.
Begin MonoManager ReloadAssembly
Native extension for WindowsStandalone target not found
Native extension for WebGL target not found
Refreshing native plugins compatible for Editor in 0.47 ms, found 0 plugins.
Preloading 0 native plugins for Editor in 0.00 ms.
Invoked RoslynAnalysisRunner static constructor.
RoslynAnalysisRunner will not be running.
RoslynAnalysisRunner has terminated.
Mono: successfully reloaded assembly
- Completed reload, in  0.740 seconds
Platform modules already initialized, skipping
Refreshing native plugins compatible for Editor in 0.47 ms, found 0 plugins.
Preloading 0 native plugins for Editor in 0.00 ms.
Unloading 1589 Unused Serialized files (Serialized files now loaded: 0)
System memory in use before: 150.7 MB.
System memory in use after: 150.8 MB.

Unloading 27 unused Assets to reduce memory usage. Loaded Objects now: 2105.
Total: 1.576400 ms (FindLiveObjects: 0.162800 ms CreateObjectMapping: 0.035600 ms MarkObjects: 1.314800 ms  DeleteObjects: 0.062200 ms)

========================================================================
Received Import Request.
  Time since last request: 867.521700 seconds.
  path: Assets/Scripts/PlayerMovement.cs
  artifactKey: Guid(1650d79bec2969e4f93603a6f65dde9d) Importer(815301076,1909f56bfc062723c751e8b465ee728b)
Start importing Assets/Scripts/PlayerMovement.cs using Guid(1650d79bec2969e4f93603a6f65dde9d) Importer(815301076,1909f56bfc062723c751e8b465ee728b)  -> (artifact id: '971a88ce0e3ea0b3604107072f37e1ea') in 0.010843 seconds
  Import took 0.013766 seconds .

========================================================================
Received Prepare
Registering precompiled user dll's ...
Registered in 0.004901 seconds.
Begin MonoManager ReloadAssembly
Native extension for WindowsStandalone target not found
Native extension for WebGL target not found
Refreshing native plugins compatible for Editor in 0.47 ms, found 0 plugins.
Preloading 0 native plugins for Editor in 0.00 ms.
Invoked RoslynAnalysisRunner static constructor.
RoslynAnalysisRunner will not be running.
RoslynAnalysisRunner has terminated.
Mono: successfully reloaded assembly
- Completed reload, in  0.747 seconds
Platform modules already initialized, skipping
Refreshing native plugins compatible for Editor in 0.49 ms, found 0 plugins.
Preloading 0 native plugins for Editor in 0.00 ms.
Unloading 1589 Unused Serialized files (Serialized files now loaded: 0)
System memory in use before: 150.7 MB.
System memory in use after: 150.8 MB.

Unloading 27 unused Assets to reduce memory usage. Loaded Objects now: 2108.
Total: 1.574300 ms (FindLiveObjects: 0.158800 ms CreateObjectMapping: 0.038500 ms MarkObjects: 1.318700 ms  DeleteObjects: 0.057400 ms)

========================================================================
Received Import Request.
  Time since last request: 43.129860 seconds.
  path: Assets/Scripts/PlayerMovement.cs
  artifactKey: Guid(1650d79bec2969e4f93603a6f65dde9d) Importer(815301076,1909f56bfc062723c751e8b465ee728b)
Start importing Assets/Scripts/PlayerMovement.cs using Guid(1650d79bec2969e4f93603a6f65dde9d) Importer(815301076,1909f56bfc062723c751e8b465ee728b)  -> (artifact id: 'f42f6bf8833dc8917ff4c4d190e09010') in 0.004827 seconds
  Import took 0.007115 seconds .

========================================================================
Received Prepare
Registering precompiled user dll's ...
Registered in 0.004948 seconds.
Begin MonoManager ReloadAssembly
Native extension for WindowsStandalone target not found
Native extension for WebGL target not found
Refreshing native plugins compatible for Editor in 0.47 ms, found 0 plugins.
Preloading 0 native plugins for Editor in 0.00 ms.
Invoked RoslynAnalysisRunner static constructor.
RoslynAnalysisRunner will not be running.
RoslynAnalysisRunner has terminated.
Mono: successfully reloaded assembly
- Completed reload, in  0.729 seconds
Platform modules already initialized, skipping
Refreshing native plugins compatible for Editor in 0.47 ms, found 0 plugins.
Preloading 0 native plugins for Editor in 0.00 ms.
Unloading 1589 Unused Serialized files (Serialized files now loaded: 0)
System memory in use before: 150.7 MB.
System memory in use after: 150.8 MB.

Unloading 27 unused Assets to reduce memory usage. Loaded Objects now: 2111.
Total: 1.597900 ms (FindLiveObjects: 0.166300 ms CreateObjectMapping: 0.035800 ms MarkObjects: 1.332200 ms  DeleteObjects: 0.062800 ms)

========================================================================
Received Prepare
Refreshing native plugins compatible for Editor in 11.29 ms, found 0 plugins.
Preloading 0 native plugins for Editor in 0.00 ms.
Unloading 24 Unused Serialized files (Serialized files now loaded: 0)
System memory in use before: 119.7 MB.
System memory in use after: 119.7 MB.

Unloading 24 unused Assets to reduce memory usage. Loaded Objects now: 2111.
Total: 1.955000 ms (FindLiveObjects: 0.282300 ms CreateObjectMapping: 0.038900 ms MarkObjects: 1.570100 ms  DeleteObjects: 0.062200 ms)

AssetImportWorkerClient::OnTransportError - code=2 error=End of file
